<?xml version="1.0" encoding="utf-8"?><testsuites name="pytest tests"><testsuite name="pytest" errors="0" failures="0" skipped="0" tests="28" time="1.409" timestamp="2026-07-17T03:33:21.063896+05:30" hostname="SrinivasSachin"><testcase classname="tests.test_targets" name="test_manifest_is_canonical_and_never_contains_credential_values" time="0.013" /><testcase classname="tests.test_targets" name="test_local_manifest_rejects_unsafe_or_noncanonical_urls[http://example.com:8080]" time="0.003" /><testcase classname="tests.test_targets" name="test_local_manifest_rejects_unsafe_or_noncanonical_urls[http://user:password@127.0.0.1:8080]" time="0.002" /><testcase classname="tests.test_targets" name="test_local_manifest_rejects_unsafe_or_noncanonical_urls[https://user@example.com]" time="0.002" /><testcase classname="tests.test_targets" name="test_local_manifest_rejects_unsafe_or_noncanonical_urls[ftp://127.0.0.1/model]" time="0.002" /><testcase classname="tests.test_targets" name="test_local_manifest_rejects_unsafe_or_noncanonical_urls[http://127.0.0.1:8080/path]" time="0.002" /><testcase classname="tests.test_targets" name="test_local_manifest_rejects_unsafe_or_noncanonical_urls[http://127.0.0.1:8080?query=yes]" time="0.002" /><testcase classname="tests.test_targets" name="test_official_adapters_reject_endpoint_overrides" time="0.012" /><testcase classname="tests.test_targets" name="test_official_capabilities_come_from_the_adapter_catalog" time="0.003" /><testcase classname="tests.test_targets" name="test_manifest_fails_closed_on_unknown_fields_and_missing_credentials" time="0.014" /><testcase classname="tests.test_targets" name="test_manifest_applies_versioned_generation_and_execution_defaults" time="0.002" /><testcase classname="tests.test_targets" name="test_custom_ca_manifest_retains_only_the_bundle_fingerprint" time="0.019" /><testcase classname="tests.test_targets" name="test_official_adapters_preflight_the_model_and_keep_fixed_contracts[openai-responses-v1-https://api.openai.com/v1/responses-provider_body0-max_output_tokens]" time="0.015" /><testcase classname="tests.test_targets" name="test_official_adapters_preflight_the_model_and_keep_fixed_contracts[anthropic-messages-v1-https://api.anthropic.com/v1/messages-provider_body1-max_tokens]" time="0.006" /><testcase classname="tests.test_targets" name="test_local_adapter_preflights_and_uses_only_the_fixed_request_contract" time="0.012" /><testcase classname="tests.test_targets" name="test_provider_echoed_credentials_are_redacted_from_all_evidence" time="0.005" /><testcase classname="tests.test_targets" name="test_protocol_valid_text_is_selected_with_response_conditions[provider_response0-None-ordinary answer]" time="0.014" /><testcase classname="tests.test_targets" name="test_protocol_valid_text_is_selected_with_response_conditions[provider_response1-response_refusal-I cannot]" time="0.020" /><testcase classname="tests.test_targets" name="test_protocol_valid_text_is_selected_with_response_conditions[provider_response2-response_truncated-partial]" time="0.005" /><testcase classname="tests.test_targets" name="test_malformed_success_is_a_protocol_error_and_never_a_safe_outcome" time="0.005" /><testcase classname="tests.test_targets" name="test_retry_policy_records_retry_after_and_exhausted_transient_failures" time="0.011" /><testcase classname="tests.test_targets" name="test_deterministic_target_error_stops_remaining_cases_in_corpus_order" time="0.005" /><testcase classname="tests.test_targets" name="test_persistence_failure_stops_execution_as_an_engine_error" time="0.006" /><testcase classname="tests.test_targets" name="test_builtin_transport_rejects_redirects" time="0.529" /><testcase classname="tests.test_targets" name="test_case_attempts_are_bounded_by_target_concurrency_and_return_in_corpus_order" time="0.050" /><testcase classname="tests.test_target_run" name="test_target_execution_is_graded_and_persisted_as_a_valid_run_record" time="0.081" /><testcase classname="tests.test_target_run" name="test_response_condition_is_preserved_in_the_run_record" time="0.074" /><testcase classname="tests.test_target_run" name="test_attempt_persistence_failure_stops_the_production_run" time="0.026" /></testsuite></testsuites>