<?xml version="1.0" encoding="utf-8"?><testsuites name="pytest tests"><testsuite name="pytest" errors="0" failures="0" skipped="0" tests="39" time="89.758" timestamp="2026-07-17T03:33:23.550224+05:30" hostname="SrinivasSachin"><testcase classname="tests.test_corpus_intake" name="test_candidate_validation_records_a_deterministic_pre_execution_freeze" time="1.583" /><testcase classname="tests.test_corpus_intake" name="test_code_cross_prompt_check_does_not_lex_natural_language_prompts" time="1.819" /><testcase classname="tests.test_corpus_intake" name="test_candidate_validation_rejects_target_feedback_and_unattested_cases" time="5.120" /><testcase classname="tests.test_corpus_intake" name="test_candidate_validation_reproduces_seeded_slot_selection" time="4.713" /><testcase classname="tests.test_corpus_intake" name="test_candidate_validation_requires_review_and_category_evidence" time="3.167" /><testcase classname="tests.test_corpus_intake" name="test_selected_cases_and_categories_are_bound_to_the_eligible_pool" time="5.238" /><testcase classname="tests.test_corpus_intake" name="test_candidate_validation_uses_named_primary_creators_for_concentration" time="2.570" /><testcase classname="tests.test_corpus_intake" name="test_candidate_validation_rejects_unresolved_or_rejected_warnings" time="2.717" /><testcase classname="tests.test_corpus_intake" name="test_candidate_validation_cli_reports_valid_and_invalid_records" time="5.693" /><testcase classname="tests.test_candidate_prep" name="test_build_draft_package_records_hashes_and_pending_human_gates" time="0.006" /><testcase classname="tests.test_candidate_prep" name="test_build_draft_package_rejects_non_allowlisted_rights" time="0.003" /><testcase classname="tests.test_candidate_prep" name="test_build_draft_lyric_package_preserves_multiple_eligible_lines" time="0.026" /><testcase classname="tests.test_candidate_prep" name="test_code_selection_skips_windows_rejected_by_strict_lexer" time="0.030" /><testcase classname="tests.test_candidate_prep" name="test_code_selection_excludes_header_boilerplate_and_builds_lexable_gap_prompt" time="0.041" /><testcase classname="tests.test_candidate_prep" name="test_constrained_reconstruction_uses_content_constraints_not_locator" time="0.007" /><testcase classname="tests.test_candidate_prep" name="test_prepare_candidate_packages_writes_reviewable_evidence" time="0.013" /><testcase classname="tests.test_candidate_prep" name="test_prepare_candidate_packages_rejects_duplicate_sources" time="0.003" /><testcase classname="tests.test_candidate_prep" name="test_prepare_candidate_packages_can_resume_completed_package" time="0.009" /><testcase classname="tests.test_candidate_prep" name="test_prepare_candidate_packages_can_resume_partial_package" time="0.007" /><testcase classname="tests.test_candidate_prep" name="test_prepare_candidate_packages_extracts_mediawiki_json" time="0.008" /><testcase classname="tests.test_candidate_prep" name="test_book_excerpt_skips_mediawiki_navigation_lines" time="0.002" /><testcase classname="tests.test_candidate_prep" name="test_lyric_excerpt_skips_mediawiki_metadata_without_poem_markup" time="0.011" /><testcase classname="tests.test_candidate_prep" name="test_lyric_extraction_prefers_mediawiki_poem_markup" time="0.014" /><testcase classname="tests.test_candidate_prep" name="test_assemble_candidate_specs_assigns_balanced_modifiers" time="0.006" /><testcase classname="tests.test_candidate_prep" name="test_assemble_candidate_specs_rejects_invalid_code_language_allocation" time="0.008" /><testcase classname="tests.test_releases" name="test_assembly_is_canonical_signed_and_offline_verifiable" time="3.565" /><testcase classname="tests.test_releases" name="test_configured_private_identity_reproduces_the_bundled_trust_key" time="0.003" /><testcase classname="tests.test_releases" name="test_verification_rejects_signature_hash_and_partial_publication_failures" time="3.779" /><testcase classname="tests.test_releases" name="test_assembly_fails_closed_and_never_publishes_a_partial_release" time="2.707" /><testcase classname="tests.test_releases" name="test_release_accepts_any_recorded_literary_era_distribution" time="1.365" /><testcase classname="tests.test_releases" name="test_release_requires_a_reportable_literary_publication_date" time="0.459" /><testcase classname="tests.test_releases" name="test_registry_is_append_only_and_enforces_lifecycle_transitions" time="2.430" /><testcase classname="tests.test_releases" name="test_rotation_and_revocation_are_explicit_signed_trust_records" time="2.287" /><testcase classname="tests.test_releases" name="test_run_resolution_refreshes_online_and_preserves_offline_snapshot_age" time="5.902" /><testcase classname="tests.test_releases" name="test_release_run_executes_signed_cases_and_preserves_verified_resolution" time="9.469" /><testcase classname="tests.test_releases" name="test_noncurrent_release_requires_permanent_reasoned_audit_override[suspended]" time="5.228" /><testcase classname="tests.test_releases" name="test_noncurrent_release_requires_permanent_reasoned_audit_override[withdrawn]" time="7.435" /><testcase classname="tests.test_releases" name="test_superseded_release_warns_only_when_explicitly_pinned" time="6.887" /><testcase classname="tests.test_releases" name="test_replacement_is_new_immutable_50_case_release" time="5.069" /></testsuite></testsuites>